<?xml version='1.0'?>
<ns2:test-suite xmlns:ns2='urn:model.allure.qatools.yandex.ru' start='1583854516763' stop='1583854522602'>
    <name>Login test of webappsecurity page</name>
    <title>Login test of webappsecurity page</title>
    <test-cases>
        <test-case start='1583854516763' status='passed' stop='1583854521093'>
            <name>Validate Home page and navigate to Login Page</name>
            <title>Validate Home page and navigate to Login Page</title>
            <labels>
                <label name='language' value='javascript'/>
                <label name='framework' value='wdio'/>
                <label name='thread' value='0-0'/>
            </labels>
            <parameters>
                <parameter kind='argument' name='browser' value='chrome-80.0.3987.132'/>
            </parameters>
            <steps/>
            <attachments/>
        </test-case>
        <test-case start='1583854521094' status='passed' stop='1583854521674'>
            <name>Validate Invalid Login Message</name>
            <title>Validate Invalid Login Message</title>
            <labels>
                <label name='language' value='javascript'/>
                <label name='framework' value='wdio'/>
                <label name='thread' value='0-0'/>
            </labels>
            <parameters>
                <parameter kind='argument' name='browser' value='chrome-80.0.3987.132'/>
            </parameters>
            <steps/>
            <attachments/>
        </test-case>
        <test-case start='1583854521674' status='passed' stop='1583854522461'>
            <name>Post request uning axios</name>
            <title>Post request uning axios</title>
            <labels>
                <label name='language' value='javascript'/>
                <label name='framework' value='wdio'/>
                <label name='thread' value='0-0'/>
            </labels>
            <parameters>
                <parameter kind='argument' name='browser' value='chrome-80.0.3987.132'/>
            </parameters>
            <steps/>
            <attachments/>
        </test-case>
        <test-case start='1583854522462' status='failed' stop='1583854522601'>
            <name>PUT request using axios</name>
            <title>PUT request using axios</title>
            <labels>
                <label name='language' value='javascript'/>
                <label name='framework' value='wdio'/>
                <label name='thread' value='0-0'/>
            </labels>
            <parameters>
                <parameter kind='argument' name='browser' value='chrome-80.0.3987.132'/>
            </parameters>
            <steps/>
            <attachments/>
            <failure>
                <message>expected true to equal false</message>
                <stack-trace>AssertionError: expected true to equal false
                    at Context.&lt;anonymous> (/Users/soumyasen/Automation/WebdriverIO_Automation/tests/login.test.js:44:38)
                    at processTicksAndRejections (internal/process/task_queues.js:97:5)
                    at Context.executeAsync (/Users/soumyasen/Automation/WebdriverIO_Automation/node_modules/@wdio/utils/build/shim.js:123:12)
                    at Context.testFrameworkFnWrapper (/Users/soumyasen/Automation/WebdriverIO_Automation/node_modules/@wdio/utils/build/test-framework/testFnWrapper.js:63:14)</stack-trace>
            </failure>
        </test-case>
    </test-cases>
</ns2:test-suite>